<?xml version="1.0" encoding="UTF-8"?>
<!-- Generated by org.testng.reporters.JUnitReportReporter -->
<testsuite hostname="DESKTOP-6VD2P8G" failures="0" tests="1" name="project.Carelabs" time="84.932" errors="0" timestamp="2024-10-06T18:54:50 IST" skipped="0">
  <testcase classname="project.Carelabs" name="test1" time="84.932"/>
</testsuite> <!-- project.Carelabs -->
